生成启动时间为 11/30/2015 4:01:01 PM。
     1>项目“C:\Users\lionel233\Desktop\CS-4411-Project4\trunk\Animator.vcxproj”在节点 2 上(Build 个目标)。
     1>ClCompile:
         D:\Program Files\Microsoft Visual Studio 12.0\VC\bin\CL.exe /c /Ilocal/include /ZI /nologo /W3 /WX- /Od /Oy- /D WIN32 /D _DEBUG /D _CONSOLE /D SAMPLE_SOLUTION /D _VC80_UPGRADE=0x0600 /D _MBCS /Gm /EHsc /RTC1 /MDd /GS /fp:precise /Zc:wchar_t /Zc:forScope /Fo".\Debug/" /Fd".\Debug/vc120.pdb" /FR".\Debug\\" /Gd /TP /analyze- /errorReport:prompt catmullromcurverevaluator.cpp graphwidget.cpp
         graphwidget.cpp
     1>c:\users\lionel233\desktop\cs-4411-project4\trunk\graphwidget.cpp(132): warning C4018: “<”: 有符号/无符号不匹配
     1>c:\users\lionel233\desktop\cs-4411-project4\trunk\graphwidget.cpp(157): warning C4018: “<”: 有符号/无符号不匹配
     1>c:\users\lionel233\desktop\cs-4411-project4\trunk\graphwidget.cpp(509): warning C4018: “<”: 有符号/无符号不匹配
     1>c:\users\lionel233\desktop\cs-4411-project4\trunk\graphwidget.cpp(518): warning C4018: “<”: 有符号/无符号不匹配
     1>c:\users\lionel233\desktop\cs-4411-project4\trunk\graphwidget.cpp(526): warning C4244: “参数”: 从“const int”转换到“const float”，可能丢失数据
     1>c:\users\lionel233\desktop\cs-4411-project4\trunk\graphwidget.cpp(528): warning C4018: “<”: 有符号/无符号不匹配
     1>c:\users\lionel233\desktop\cs-4411-project4\trunk\graphwidget.cpp(547): warning C4244: “参数”: 从“const int”转换到“const float”，可能丢失数据
     1>c:\users\lionel233\desktop\cs-4411-project4\trunk\graphwidget.cpp(577): warning C4018: “<”: 有符号/无符号不匹配
     1>c:\users\lionel233\desktop\cs-4411-project4\trunk\graphwidget.cpp(609): warning C4244: “参数”: 从“const int”转换到“const float”，可能丢失数据
     1>c:\users\lionel233\desktop\cs-4411-project4\trunk\graphwidget.cpp(628): warning C4244: “参数”: 从“const int”转换到“const float”，可能丢失数据
     1>c:\users\lionel233\desktop\cs-4411-project4\trunk\graphwidget.cpp(633): warning C4018: “<”: 有符号/无符号不匹配
     1>c:\users\lionel233\desktop\cs-4411-project4\trunk\graphwidget.cpp(652): warning C4018: “<”: 有符号/无符号不匹配
     1>c:\users\lionel233\desktop\cs-4411-project4\trunk\graphwidget.cpp(658): warning C4244: “参数”: 从“const int”转换到“const float”，可能丢失数据
     1>c:\users\lionel233\desktop\cs-4411-project4\trunk\graphwidget.cpp(659): warning C4244: “参数”: 从“const int”转换到“const float”，可能丢失数据
     1>c:\users\lionel233\desktop\cs-4411-project4\trunk\graphwidget.cpp(664): warning C4244: “参数”: 从“const int”转换到“const float”，可能丢失数据
     1>c:\users\lionel233\desktop\cs-4411-project4\trunk\graphwidget.cpp(669): warning C4244: “参数”: 从“const int”转换到“const float”，可能丢失数据
     1>c:\users\lionel233\desktop\cs-4411-project4\trunk\graphwidget.cpp(761): warning C4018: “<”: 有符号/无符号不匹配
     1>c:\users\lionel233\desktop\cs-4411-project4\trunk\graphwidget.cpp(805): warning C4018: “<”: 有符号/无符号不匹配
     1>c:\users\lionel233\desktop\cs-4411-project4\trunk\graphwidget.cpp(860): warning C4018: “<”: 有符号/无符号不匹配
     1>c:\users\lionel233\desktop\cs-4411-project4\trunk\graphwidget.cpp(904): warning C4018: “<”: 有符号/无符号不匹配
     1>c:\users\lionel233\desktop\cs-4411-project4\trunk\graphwidget.cpp(990): warning C4018: “<”: 有符号/无符号不匹配
     1>c:\users\lionel233\desktop\cs-4411-project4\trunk\graphwidget.cpp(1012): warning C4018: “<”: 有符号/无符号不匹配
     1>c:\users\lionel233\desktop\cs-4411-project4\trunk\graphwidget.cpp(1034): warning C4018: “<”: 有符号/无符号不匹配
     1>c:\users\lionel233\desktop\cs-4411-project4\trunk\graphwidget.cpp(1099): warning C4244: “=”: 从“double”转换到“int”，可能丢失数据
     1>c:\users\lionel233\desktop\cs-4411-project4\trunk\graphwidget.cpp(1106): warning C4244: “=”: 从“double”转换到“int”，可能丢失数据
     1>c:\users\lionel233\desktop\cs-4411-project4\trunk\graphwidget.cpp(1110): warning C4244: “=”: 从“int”转换到“float”，可能丢失数据
     1>c:\users\lionel233\desktop\cs-4411-project4\trunk\graphwidget.cpp(1111): warning C4244: “=”: 从“int”转换到“float”，可能丢失数据
     1>c:\users\lionel233\desktop\cs-4411-project4\trunk\graphwidget.cpp(1137): warning C4244: “=”: 从“int”转换到“float”，可能丢失数据
     1>c:\users\lionel233\desktop\cs-4411-project4\trunk\graphwidget.cpp(1138): warning C4244: “=”: 从“int”转换到“float”，可能丢失数据
         catmullromcurverevaluator.cpp
         正在生成代码...
       Link:
         D:\Program Files\Microsoft Visual Studio 12.0\VC\bin\link.exe /ERRORREPORT:PROMPT /OUT:".\Debug\modeler.exe" /INCREMENTAL /NOLOGO opengl32.lib glu32.lib wsock32.lib local/lib/fltk.lib odbc32.lib odbccp32.lib kernel32.lib user32.lib gdi32.lib winspool.lib comdlg32.lib advapi32.lib shell32.lib ole32.lib oleaut32.lib uuid.lib odbc32.lib odbccp32.lib /NODEFAULTLIB:libcmt /NODEFAULTLIB:libcmtb /NODEFAULTLIB:msvcrt /MANIFEST /MANIFESTUAC:"level='asInvoker' uiAccess='false'" /manifest:embed /DEBUG /PDB:".\Debug/Animator.pdb" /SUBSYSTEM:CONSOLE /TLBID:1 /DYNAMICBASE:NO /IMPLIB:".\Debug\modeler.lib" /MACHINE:X86 /SAFESEH /SAFESEH:No .\Debug/beziercurveevaluator.obj
         .\Debug/bsplinecurveevaluator.obj
         .\Debug/catmullromcurverevaluator.obj
         .\Debug/curve.obj
         .\Debug/curveevaluator.obj
         .\Debug/linearcurveevaluator.obj
         .\Debug/camera.obj
         .\Debug/modelerapp.obj
         .\Debug/modelerdraw.obj
         .\Debug/modelerui.obj
         .\Debug/modeleruiwindows.obj
         .\Debug/modelerview.obj
         .\Debug/bitmap.obj
         .\Debug/particle.obj
         .\Debug/particleSystem.obj
         .\Debug/point.obj
         .\Debug/pointObj.obj
         .\Debug/graphwidget.obj
         .\Debug/indicatorwindow.obj
         .\Debug/rect.obj
         .\Debug/rulerwindow.obj
         .\Debug/sample.obj
         Animator.vcxproj -> C:\Users\lionel233\Desktop\CS-4411-Project4\trunk\.\Debug\modeler.exe
       BscMake:
         D:\Program Files\Microsoft Visual Studio 12.0\VC\bin\bscmake.exe /nologo /o".\Debug/Animator.bsc" .\Debug\beziercurveevaluator.sbr .\Debug\bsplinecurveevaluator.sbr .\Debug\catmullromcurverevaluator.sbr .\Debug\curve.sbr .\Debug\curveevaluator.sbr .\Debug\linearcurveevaluator.sbr .\Debug\camera.sbr .\Debug\modelerapp.sbr .\Debug\modelerdraw.sbr .\Debug\modelerui.sbr .\Debug\modeleruiwindows.sbr .\Debug\modelerview.sbr .\Debug\bitmap.sbr .\Debug\particle.sbr .\Debug\particleSystem.sbr .\Debug\point.sbr .\Debug\pointObj.sbr .\Debug\graphwidget.sbr .\Debug\indicatorwindow.sbr .\Debug\rect.sbr .\Debug\rulerwindow.sbr .\Debug\sample.sbr
     1>已完成生成项目“C:\Users\lionel233\Desktop\CS-4411-Project4\trunk\Animator.vcxproj”(Build 个目标)的操作。

生成成功。

已用时间 00:00:09.67
