c:\users\lionel233\desktop\cs-4411-project4\trunk\debug\vc120.pdb
c:\users\lionel233\desktop\cs-4411-project4\trunk\debug\vc120.idb
c:\users\lionel233\desktop\cs-4411-project4\trunk\debug\rect.sbr
c:\users\lionel233\desktop\cs-4411-project4\trunk\debug\pointobj.sbr
c:\users\lionel233\desktop\cs-4411-project4\trunk\debug\point.sbr
c:\users\lionel233\desktop\cs-4411-project4\trunk\debug\particlesystem.sbr
c:\users\lionel233\desktop\cs-4411-project4\trunk\debug\particle.sbr
c:\users\lionel233\desktop\cs-4411-project4\trunk\debug\bitmap.sbr
c:\users\lionel233\desktop\cs-4411-project4\trunk\debug\linearcurveevaluator.sbr
c:\users\lionel233\desktop\cs-4411-project4\trunk\debug\curveevaluator.sbr
c:\users\lionel233\desktop\cs-4411-project4\trunk\debug\curve.sbr
c:\users\lionel233\desktop\cs-4411-project4\trunk\debug\curve.obj
c:\users\lionel233\desktop\cs-4411-project4\trunk\debug\curveevaluator.obj
c:\users\lionel233\desktop\cs-4411-project4\trunk\debug\linearcurveevaluator.obj
c:\users\lionel233\desktop\cs-4411-project4\trunk\debug\bitmap.obj
c:\users\lionel233\desktop\cs-4411-project4\trunk\debug\particle.obj
c:\users\lionel233\desktop\cs-4411-project4\trunk\debug\particlesystem.obj
c:\users\lionel233\desktop\cs-4411-project4\trunk\debug\point.obj
c:\users\lionel233\desktop\cs-4411-project4\trunk\debug\pointobj.obj
c:\users\lionel233\desktop\cs-4411-project4\trunk\debug\rect.obj
c:\users\lionel233\desktop\cs-4411-project4\trunk\debug\bsplinecurveevaluator.sbr
c:\users\lionel233\desktop\cs-4411-project4\trunk\debug\beziercurveevaluator.sbr
c:\users\lionel233\desktop\cs-4411-project4\trunk\debug\beziercurveevaluator.obj
c:\users\lionel233\desktop\cs-4411-project4\trunk\debug\bsplinecurveevaluator.obj
c:\users\lionel233\desktop\cs-4411-project4\trunk\debug\sample.sbr
c:\users\lionel233\desktop\cs-4411-project4\trunk\debug\rulerwindow.sbr
c:\users\lionel233\desktop\cs-4411-project4\trunk\debug\modelerview.sbr
c:\users\lionel233\desktop\cs-4411-project4\trunk\debug\modeleruiwindows.sbr
c:\users\lionel233\desktop\cs-4411-project4\trunk\debug\modelerui.sbr
c:\users\lionel233\desktop\cs-4411-project4\trunk\debug\modelerdraw.sbr
c:\users\lionel233\desktop\cs-4411-project4\trunk\debug\modelerapp.sbr
c:\users\lionel233\desktop\cs-4411-project4\trunk\debug\indicatorwindow.sbr
c:\users\lionel233\desktop\cs-4411-project4\trunk\debug\camera.sbr
c:\users\lionel233\desktop\cs-4411-project4\trunk\debug\camera.obj
c:\users\lionel233\desktop\cs-4411-project4\trunk\debug\indicatorwindow.obj
c:\users\lionel233\desktop\cs-4411-project4\trunk\debug\modelerapp.obj
c:\users\lionel233\desktop\cs-4411-project4\trunk\debug\modelerdraw.obj
c:\users\lionel233\desktop\cs-4411-project4\trunk\debug\modelerui.obj
c:\users\lionel233\desktop\cs-4411-project4\trunk\debug\modeleruiwindows.obj
c:\users\lionel233\desktop\cs-4411-project4\trunk\debug\modelerview.obj
c:\users\lionel233\desktop\cs-4411-project4\trunk\debug\rulerwindow.obj
c:\users\lionel233\desktop\cs-4411-project4\trunk\debug\sample.obj
c:\users\lionel233\desktop\cs-4411-project4\trunk\debug\graphwidget.sbr
c:\users\lionel233\desktop\cs-4411-project4\trunk\debug\graphwidget.obj
c:\users\lionel233\desktop\cs-4411-project4\trunk\debug\modeler.tlog\cl.command.1.tlog
c:\users\lionel233\desktop\cs-4411-project4\trunk\debug\modeler.tlog\cl.read.1.tlog
c:\users\lionel233\desktop\cs-4411-project4\trunk\debug\modeler.tlog\cl.write.1.tlog
